This file contains any messages produced by compilers while
running configure, to aid debugging if configure makes a mistake.

It was created by Wine configure 6.7, which was
generated by GNU Autoconf 2.69.  Invocation command line was

  $ ./configure 

## --------- ##
## Platform. ##
## --------- ##

hostname = gavworld
uname -m = x86_64
uname -r = 5.13.14-200.fc34.x86_64
uname -s = Linux
uname -v = #1 SMP Fri Sep 3 15:33:01 UTC 2021

/usr/bin/uname -p = x86_64
/bin/uname -X     = unknown

/bin/arch              = x86_64
/usr/bin/arch -k       = unknown
/usr/convex/getsysinfo = unknown
/usr/bin/hostinfo      = unknown
/bin/machine           = unknown
/usr/bin/oslevel       = unknown
/bin/universe          = unknown

PATH: /usr/local/bin
PATH: /usr/local/sbin
PATH: /usr/bin
PATH: /usr/sbin
PATH: /home/gav/bin


## ----------- ##
## Core tests. ##
## ----------- ##

configure:4315: checking build system type
configure:4329: result: x86_64-pc-linux-gnu
configure:4349: checking host system type
configure:4362: result: x86_64-pc-linux-gnu
configure:4384: checking whether make sets $(MAKE)
configure:4406: result: yes
configure:4463: checking for gcc
configure:4479: found /usr/bin/gcc
configure:4490: result: gcc
configure:4719: checking for C compiler version
configure:4728: gcc --version >&5
gcc (GCC) 11.2.1 20210728 (Red Hat 11.2.1-1)
Copyright (C) 2021 Free Software Foundation, Inc.
This is free software; see the source for copying conditions.  There is NO
warranty; not even for MERCHANTABILITY or FITNESS FOR A PARTICULAR PURPOSE.

configure:4739: $? = 0
configure:4728: gcc -v >&5
Using built-in specs.
COLLECT_GCC=gcc
COLLECT_LTO_WRAPPER=/usr/libexec/gcc/x86_64-redhat-linux/11/lto-wrapper
OFFLOAD_TARGET_NAMES=nvptx-none
OFFLOAD_TARGET_DEFAULT=1
Target: x86_64-redhat-linux
Configured with: ../configure --enable-bootstrap --enable-languages=c,c++,fortran,objc,obj-c++,ada,go,d,lto --prefix=/usr --mandir=/usr/share/man --infodir=/usr/share/info --with-bugurl=http://bugzilla.redhat.com/bugzilla --enable-shared --enable-threads=posix --enable-checking=release --enable-multilib --with-system-zlib --enable-__cxa_atexit --disable-libunwind-exceptions --enable-gnu-unique-object --enable-linker-build-id --with-gcc-major-version-only --with-linker-hash-style=gnu --enable-plugin --enable-initfini-array --with-isl=/builddir/build/BUILD/gcc-11.2.1-20210728/obj-x86_64-redhat-linux/isl-install --enable-offload-targets=nvptx-none --without-cuda-driver --enable-gnu-indirect-function --enable-cet --with-tune=generic --with-arch_32=i686 --build=x86_64-redhat-linux
Thread model: posix
Supported LTO compression algorithms: zlib zstd
gcc version 11.2.1 20210728 (Red Hat 11.2.1-1) (GCC) 
... rest of stderr output deleted ...
configure:4739: $? = 0
configure:4728: gcc -V >&5
gcc: error: unrecognized command-line option '-V'
gcc: fatal error: no input files
compilation terminated.
configure:4739: $? = 1
configure:4728: gcc -qversion >&5
gcc: error: unrecognized command-line option '-qversion'; did you mean '--version'?
gcc: fatal error: no input files
compilation terminated.
configure:4739: $? = 1
configure:4759: checking whether the C compiler works
configure:4781: gcc    conftest.c  >&5
configure:4785: $? = 0
configure:4833: result: yes
configure:4836: checking for C compiler default output file name
configure:4838: result: a.out
configure:4844: checking for suffix of executables
configure:4851: gcc -o conftest    conftest.c  >&5
configure:4855: $? = 0
configure:4877: result: 
configure:4899: checking whether we are cross compiling
configure:4907: gcc -o conftest    conftest.c  >&5
configure:4911: $? = 0
configure:4918: ./conftest
configure:4922: $? = 0
configure:4937: result: no
configure:4942: checking for suffix of object files
configure:4964: gcc -c   conftest.c >&5
configure:4968: $? = 0
configure:4989: result: o
configure:4993: checking whether we are using the GNU C compiler
configure:5012: gcc -c   conftest.c >&5
configure:5012: $? = 0
configure:5021: result: yes
configure:5030: checking whether gcc accepts -g
configure:5050: gcc -c -g  conftest.c >&5
configure:5050: $? = 0
configure:5091: result: yes
configure:5108: checking for gcc option to accept ISO C89
configure:5171: gcc  -c -g -O2  conftest.c >&5
configure:5171: $? = 0
configure:5184: result: none needed
configure:5262: checking for g++
configure:5278: found /usr/bin/g++
configure:5289: result: g++
configure:5316: checking for C++ compiler version
configure:5325: g++ --version >&5
g++ (GCC) 11.2.1 20210728 (Red Hat 11.2.1-1)
Copyright (C) 2021 Free Software Foundation, Inc.
This is free software; see the source for copying conditions.  There is NO
warranty; not even for MERCHANTABILITY or FITNESS FOR A PARTICULAR PURPOSE.

configure:5336: $? = 0
configure:5325: g++ -v >&5
Using built-in specs.
COLLECT_GCC=g++
COLLECT_LTO_WRAPPER=/usr/libexec/gcc/x86_64-redhat-linux/11/lto-wrapper
OFFLOAD_TARGET_NAMES=nvptx-none
OFFLOAD_TARGET_DEFAULT=1
Target: x86_64-redhat-linux
Configured with: ../configure --enable-bootstrap --enable-languages=c,c++,fortran,objc,obj-c++,ada,go,d,lto --prefix=/usr --mandir=/usr/share/man --infodir=/usr/share/info --with-bugurl=http://bugzilla.redhat.com/bugzilla --enable-shared --enable-threads=posix --enable-checking=release --enable-multilib --with-system-zlib --enable-__cxa_atexit --disable-libunwind-exceptions --enable-gnu-unique-object --enable-linker-build-id --with-gcc-major-version-only --with-linker-hash-style=gnu --enable-plugin --enable-initfini-array --with-isl=/builddir/build/BUILD/gcc-11.2.1-20210728/obj-x86_64-redhat-linux/isl-install --enable-offload-targets=nvptx-none --without-cuda-driver --enable-gnu-indirect-function --enable-cet --with-tune=generic --with-arch_32=i686 --build=x86_64-redhat-linux
Thread model: posix
Supported LTO compression algorithms: zlib zstd
gcc version 11.2.1 20210728 (Red Hat 11.2.1-1) (GCC) 
... rest of stderr output deleted ...
configure:5336: $? = 0
configure:5325: g++ -V >&5
g++: error: unrecognized command-line option '-V'
g++: fatal error: no input files
compilation terminated.
configure:5336: $? = 1
configure:5325: g++ -qversion >&5
g++: error: unrecognized command-line option '-qversion'; did you mean '--version'?
g++: fatal error: no input files
compilation terminated.
configure:5336: $? = 1
configure:5340: checking whether we are using the GNU C++ compiler
configure:5359: g++ -c   conftest.cpp >&5
configure:5359: $? = 0
configure:5368: result: yes
configure:5377: checking whether g++ accepts -g
configure:5397: g++ -c -g  conftest.cpp >&5
configure:5397: $? = 0
configure:5438: result: yes
configure:5504: checking for cpp
configure:5520: found /usr/bin/cpp
configure:5531: result: cpp
configure:5601: checking for ld
configure:5617: found /usr/bin/ld
configure:5628: result: ld
configure:5670: checking whether gcc -m32 works
configure:5686: gcc -m32 -o conftest -g -O2   conftest.c  >&5
/usr/bin/ld: cannot find crt1.o: No such file or directory
/usr/bin/ld: cannot find crti.o: No such file or directory
collect2: error: ld returned 1 exit status
configure:5686: $? = 1
configure: failed program was:
| /* confdefs.h */
| #define PACKAGE_NAME "Wine"
| #define PACKAGE_TARNAME "wine"
| #define PACKAGE_VERSION "6.7"
| #define PACKAGE_STRING "Wine 6.7"
| #define PACKAGE_BUGREPORT "wine-devel@winehq.org"
| #define PACKAGE_URL "https://www.winehq.org"
| #define EXEEXT ""
| /* end confdefs.h.  */
| 
| int
| main ()
| {
| 
|   ;
|   return 0;
| }
configure:5694: result: no
configure:5696: error: Cannot build a 32-bit program, you need to install 32-bit development libraries.

## ---------------- ##
## Cache variables. ##
## ---------------- ##

ac_cv_build=x86_64-pc-linux-gnu
ac_cv_c_compiler_gnu=yes
ac_cv_cxx_compiler_gnu=yes
ac_cv_env_CAPI20_CFLAGS_set=
ac_cv_env_CAPI20_CFLAGS_value=
ac_cv_env_CAPI20_LIBS_set=
ac_cv_env_CAPI20_LIBS_value=
ac_cv_env_CCC_set=
ac_cv_env_CCC_value=
ac_cv_env_CC_set=
ac_cv_env_CC_value=
ac_cv_env_CFLAGS_set=
ac_cv_env_CFLAGS_value=
ac_cv_env_CPPFLAGS_set=
ac_cv_env_CPPFLAGS_value=
ac_cv_env_CPP_set=
ac_cv_env_CPP_value=
ac_cv_env_CUPS_CFLAGS_set=
ac_cv_env_CUPS_CFLAGS_value=
ac_cv_env_CUPS_LIBS_set=
ac_cv_env_CUPS_LIBS_value=
ac_cv_env_CXXFLAGS_set=
ac_cv_env_CXXFLAGS_value=
ac_cv_env_CXX_set=
ac_cv_env_CXX_value=
ac_cv_env_DBUS_CFLAGS_set=
ac_cv_env_DBUS_CFLAGS_value=
ac_cv_env_DBUS_LIBS_set=
ac_cv_env_DBUS_LIBS_value=
ac_cv_env_FAUDIO_CFLAGS_set=
ac_cv_env_FAUDIO_CFLAGS_value=
ac_cv_env_FAUDIO_LIBS_set=
ac_cv_env_FAUDIO_LIBS_value=
ac_cv_env_FONTCONFIG_CFLAGS_set=
ac_cv_env_FONTCONFIG_CFLAGS_value=
ac_cv_env_FONTCONFIG_LIBS_set=
ac_cv_env_FONTCONFIG_LIBS_value=
ac_cv_env_FREETYPE_CFLAGS_set=
ac_cv_env_FREETYPE_CFLAGS_value=
ac_cv_env_FREETYPE_LIBS_set=
ac_cv_env_FREETYPE_LIBS_value=
ac_cv_env_GNUTLS_CFLAGS_set=
ac_cv_env_GNUTLS_CFLAGS_value=
ac_cv_env_GNUTLS_LIBS_set=
ac_cv_env_GNUTLS_LIBS_value=
ac_cv_env_GPHOTO2_CFLAGS_set=
ac_cv_env_GPHOTO2_CFLAGS_value=
ac_cv_env_GPHOTO2_LIBS_set=
ac_cv_env_GPHOTO2_LIBS_value=
ac_cv_env_GPHOTO2_PORT_CFLAGS_set=
ac_cv_env_GPHOTO2_PORT_CFLAGS_value=
ac_cv_env_GPHOTO2_PORT_LIBS_set=
ac_cv_env_GPHOTO2_PORT_LIBS_value=
ac_cv_env_GSSAPI_CFLAGS_set=
ac_cv_env_GSSAPI_CFLAGS_value=
ac_cv_env_GSSAPI_LIBS_set=
ac_cv_env_GSSAPI_LIBS_value=
ac_cv_env_GSTREAMER_CFLAGS_set=
ac_cv_env_GSTREAMER_CFLAGS_value=
ac_cv_env_GSTREAMER_LIBS_set=
ac_cv_env_GSTREAMER_LIBS_value=
ac_cv_env_HAL_CFLAGS_set=
ac_cv_env_HAL_CFLAGS_value=
ac_cv_env_HAL_LIBS_set=
ac_cv_env_HAL_LIBS_value=
ac_cv_env_INOTIFY_CFLAGS_set=
ac_cv_env_INOTIFY_CFLAGS_value=
ac_cv_env_INOTIFY_LIBS_set=
ac_cv_env_INOTIFY_LIBS_value=
ac_cv_env_JPEG_CFLAGS_set=
ac_cv_env_JPEG_CFLAGS_value=
ac_cv_env_JPEG_LIBS_set=
ac_cv_env_JPEG_LIBS_value=
ac_cv_env_JXRLIB_CFLAGS_set=
ac_cv_env_JXRLIB_CFLAGS_value=
ac_cv_env_JXRLIB_LIBS_set=
ac_cv_env_JXRLIB_LIBS_value=
ac_cv_env_KRB5_CFLAGS_set=
ac_cv_env_KRB5_CFLAGS_value=
ac_cv_env_KRB5_LIBS_set=
ac_cv_env_KRB5_LIBS_value=
ac_cv_env_LCMS2_CFLAGS_set=
ac_cv_env_LCMS2_CFLAGS_value=
ac_cv_env_LCMS2_LIBS_set=
ac_cv_env_LCMS2_LIBS_value=
ac_cv_env_LDAP_CFLAGS_set=
ac_cv_env_LDAP_CFLAGS_value=
ac_cv_env_LDAP_LIBS_set=
ac_cv_env_LDAP_LIBS_value=
ac_cv_env_LDFLAGS_set=
ac_cv_env_LDFLAGS_value=
ac_cv_env_LIBS_set=
ac_cv_env_LIBS_value=
ac_cv_env_MPG123_CFLAGS_set=
ac_cv_env_MPG123_CFLAGS_value=
ac_cv_env_MPG123_LIBS_set=
ac_cv_env_MPG123_LIBS_value=
ac_cv_env_NETAPI_CFLAGS_set=
ac_cv_env_NETAPI_CFLAGS_value=
ac_cv_env_NETAPI_LIBS_set=
ac_cv_env_NETAPI_LIBS_value=
ac_cv_env_OBJCFLAGS_set=
ac_cv_env_OBJCFLAGS_value=
ac_cv_env_OBJCPP_set=
ac_cv_env_OBJCPP_value=
ac_cv_env_OBJC_set=
ac_cv_env_OBJC_value=
ac_cv_env_PNG_CFLAGS_set=
ac_cv_env_PNG_CFLAGS_value=
ac_cv_env_PNG_LIBS_set=
ac_cv_env_PNG_LIBS_value=
ac_cv_env_PULSE_CFLAGS_set=
ac_cv_env_PULSE_CFLAGS_value=
ac_cv_env_PULSE_LIBS_set=
ac_cv_env_PULSE_LIBS_value=
ac_cv_env_SANE_CFLAGS_set=
ac_cv_env_SANE_CFLAGS_value=
ac_cv_env_SANE_LIBS_set=
ac_cv_env_SANE_LIBS_value=
ac_cv_env_SDL2_CFLAGS_set=
ac_cv_env_SDL2_CFLAGS_value=
ac_cv_env_SDL2_LIBS_set=
ac_cv_env_SDL2_LIBS_value=
ac_cv_env_TIFF_CFLAGS_set=
ac_cv_env_TIFF_CFLAGS_value=
ac_cv_env_TIFF_LIBS_set=
ac_cv_env_TIFF_LIBS_value=
ac_cv_env_UDEV_CFLAGS_set=
ac_cv_env_UDEV_CFLAGS_value=
ac_cv_env_UDEV_LIBS_set=
ac_cv_env_UDEV_LIBS_value=
ac_cv_env_UNWIND_CFLAGS_set=
ac_cv_env_UNWIND_CFLAGS_value=
ac_cv_env_UNWIND_LIBS_set=
ac_cv_env_UNWIND_LIBS_value=
ac_cv_env_USB_CFLAGS_set=
ac_cv_env_USB_CFLAGS_value=
ac_cv_env_USB_LIBS_set=
ac_cv_env_USB_LIBS_value=
ac_cv_env_VKD3D_CFLAGS_set=
ac_cv_env_VKD3D_CFLAGS_value=
ac_cv_env_VKD3D_LIBS_set=
ac_cv_env_VKD3D_LIBS_value=
ac_cv_env_VKD3D_SHADER_CFLAGS_set=
ac_cv_env_VKD3D_SHADER_CFLAGS_value=
ac_cv_env_VKD3D_SHADER_LIBS_set=
ac_cv_env_VKD3D_SHADER_LIBS_value=
ac_cv_env_XMKMF_set=
ac_cv_env_XMKMF_value=
ac_cv_env_XML2_CFLAGS_set=
ac_cv_env_XML2_CFLAGS_value=
ac_cv_env_XML2_LIBS_set=
ac_cv_env_XML2_LIBS_value=
ac_cv_env_XSLT_CFLAGS_set=
ac_cv_env_XSLT_CFLAGS_value=
ac_cv_env_XSLT_LIBS_set=
ac_cv_env_XSLT_LIBS_value=
ac_cv_env_build_alias_set=
ac_cv_env_build_alias_value=
ac_cv_env_host_alias_set=
ac_cv_env_host_alias_value=
ac_cv_env_target_alias_set=
ac_cv_env_target_alias_value=
ac_cv_host=x86_64-pc-linux-gnu
ac_cv_objext=o
ac_cv_prog_ac_ct_CC=gcc
ac_cv_prog_ac_ct_CPPBIN=cpp
ac_cv_prog_ac_ct_CXX=g++
ac_cv_prog_ac_ct_LD=ld
ac_cv_prog_cc_c89=
ac_cv_prog_cc_g=yes
ac_cv_prog_cxx_g=yes
ac_cv_prog_make_make_set=yes
wine_cv_cc_m32=no

## ----------------- ##
## Output variables. ##
## ----------------- ##

ALL_VARS_RULES=''
ALSA_LIBS=''
APPKIT_LIBS=''
APPLICATIONSERVICES_LIBS=''
AR=''
BISON=''
CAPI20_CFLAGS=''
CAPI20_LIBS=''
CARBON_LIBS=''
CC='gcc -m32'
CFLAGS='-g -O2'
CONFIGURE_TARGETS=''
CONVERT=''
COREAUDIO_LIBS=''
COREFOUNDATION_LIBS=''
CORESERVICES_LIBS=''
CPP=''
CPPBIN='cpp'
CPPFLAGS=''
CROSSCC=''
CROSSCFLAGS=''
CROSSDEBUG=''
CROSSLDFLAGS=''
CROSSTARGET=''
CUPS_CFLAGS=''
CUPS_LIBS=''
CXX='g++ -m32'
CXXFLAGS='-g -O2'
DBUS_CFLAGS=''
DBUS_LIBS=''
DEFS=''
DELAYLOADFLAG=''
DISABLED_SUBDIRS=''
DISKARBITRATION_LIBS=''
DLLFLAGS=''
DLLTOOL=''
ECHO_C=''
ECHO_N='-n'
ECHO_T=''
EGREP=''
EXCESS_PRECISION_CFLAGS=''
EXEEXT=''
EXTRACFLAGS=''
EXTRACROSSCFLAGS=''
FAUDIO_CFLAGS=''
FAUDIO_LIBS=''
FLEX=''
FONTCONFIG_CFLAGS=''
FONTCONFIG_LIBS=''
FONTFORGE=''
FORCEFEEDBACK_LIBS=''
FREETYPE_CFLAGS=''
FREETYPE_LIBS=''
GETTEXTPO_LIBS=''
GNUTLS_CFLAGS=''
GNUTLS_LIBS=''
GPHOTO2_CFLAGS=''
GPHOTO2_LIBS=''
GPHOTO2_PORT_CFLAGS=''
GPHOTO2_PORT_LIBS=''
GREP=''
GSSAPI_CFLAGS=''
GSSAPI_LIBS=''
GSTREAMER_CFLAGS=''
GSTREAMER_LIBS=''
HAL_CFLAGS=''
HAL_LIBS=''
I386_LIBS=''
ICOTOOL=''
INOTIFY_CFLAGS=''
INOTIFY_LIBS=''
IOKIT_LIBS=''
JPEG_CFLAGS=''
JPEG_LIBS=''
JXRLIB_CFLAGS=''
JXRLIB_LIBS=''
KRB5_CFLAGS=''
KRB5_LIBS=''
KSTAT_LIBS=''
LCMS2_CFLAGS=''
LCMS2_LIBS=''
LD='ld'
LDAP_CFLAGS=''
LDAP_LIBS=''
LDCONFIG=''
LDD=''
LDDLLFLAGS=''
LDEXECFLAGS=''
LDFLAGS=''
LIBOBJS=''
LIBS=''
LIBWINE_DEPENDS=''
LIBWINE_LDFLAGS=''
LIBWINE_SHAREDLIB=''
LN_S=''
LTLIBOBJS=''
METAL_LIBS=''
MPG123_CFLAGS=''
MPG123_LIBS=''
MSGFMT=''
MSVCRTFLAGS=''
NETAPI_CFLAGS=''
NETAPI_LIBS=''
OBJC=''
OBJCFLAGS=''
OBJCPP=''
OBJEXT='o'
OPENAL_LIBS=''
OPENCL_LIBS=''
OPENGL_LIBS=''
OSS4_CFLAGS=''
OSS4_LIBS=''
OTOOL=''
PACKAGE_BUGREPORT='wine-devel@winehq.org'
PACKAGE_NAME='Wine'
PACKAGE_STRING='Wine 6.7'
PACKAGE_TARNAME='wine'
PACKAGE_URL='https://www.winehq.org'
PACKAGE_VERSION='6.7'
PATH_SEPARATOR=':'
PCAP_LIBS=''
PKG_CONFIG=''
PNG_CFLAGS=''
PNG_LIBS=''
POLL_LIBS=''
PRELINK=''
PROCSTAT_LIBS=''
PTHREAD_LIBS=''
PULSE_CFLAGS=''
PULSE_LIBS=''
QUICKTIME_LIBS=''
RANLIB=''
READELF=''
RESOLV_LIBS=''
RSVG=''
RT_LIBS=''
SANE_CFLAGS=''
SANE_LIBS=''
SDL2_CFLAGS=''
SDL2_LIBS=''
SECURITY_LIBS=''
SET_MAKE=''
SHELL='/bin/sh'
STRIP=''
SUBDIRS=''
SYSTEMCONFIGURATION_LIBS=''
TARGETFLAGS=''
TIFF_CFLAGS=''
TIFF_LIBS=''
TOOLSDIR=''
TOOLSEXT=''
TOP_INSTALL_DEV=''
TOP_INSTALL_LIB=''
UDEV_CFLAGS=''
UDEV_LIBS=''
UNWIND_CFLAGS=''
UNWIND_LIBS=''
USB_CFLAGS=''
USB_LIBS=''
VKD3D_CFLAGS=''
VKD3D_LIBS=''
VKD3D_SHADER_CFLAGS=''
VKD3D_SHADER_LIBS=''
WINELOADER_DEPENDS=''
WINELOADER_LDFLAGS=''
WINELOADER_PROGRAMS=''
WINEPRELOADER_LDFLAGS=''
XMKMF=''
XML2_CFLAGS=''
XML2_LIBS=''
XSLT_CFLAGS=''
XSLT_LIBS=''
X_CFLAGS=''
X_EXTRA_LIBS=''
X_LIBS=''
X_PRE_LIBS=''
ac_ct_AR=''
ac_ct_CC='gcc'
ac_ct_CXX='g++'
ac_ct_OBJC=''
bindir='${exec_prefix}/bin'
build='x86_64-pc-linux-gnu'
build_alias=''
build_cpu='x86_64'
build_os='linux-gnu'
build_vendor='pc'
datadir='${datarootdir}'
datarootdir='${prefix}/share'
docdir='${datarootdir}/doc/${PACKAGE_TARNAME}'
dvidir='${docdir}'
exec_prefix='NONE'
host='x86_64-pc-linux-gnu'
host_alias=''
host_cpu='x86_64'
host_os='linux-gnu'
host_vendor='pc'
htmldir='${docdir}'
includedir='${prefix}/include'
infodir='${datarootdir}/info'
libdir='${exec_prefix}/lib'
libexecdir='${exec_prefix}/libexec'
localedir='${datarootdir}/locale'
localstatedir='${prefix}/var'
mandir='${datarootdir}/man'
oldincludedir='/usr/include'
pdfdir='${docdir}'
prefix='NONE'
program_transform_name='s,x,x,'
psdir='${docdir}'
runstatedir='${localstatedir}/run'
sbindir='${exec_prefix}/sbin'
sharedstatedir='${prefix}/com'
sysconfdir='${prefix}/etc'
target_alias=''

## ----------- ##
## confdefs.h. ##
## ----------- ##

/* confdefs.h */
#define PACKAGE_NAME "Wine"
#define PACKAGE_TARNAME "wine"
#define PACKAGE_VERSION "6.7"
#define PACKAGE_STRING "Wine 6.7"
#define PACKAGE_BUGREPORT "wine-devel@winehq.org"
#define PACKAGE_URL "https://www.winehq.org"
#define EXEEXT ""

configure: exit 1
